This is pdfTeX, Version 3.1415926-1.40.10 (TeX Live 2009/Debian) (format=pdflatex 2013.6.30)  20 DEC 2013 20:57
entering extended mode
 %&-line parsing enabled.
**thesisEvalReqForm.tex
(./thesisEvalReqForm.tex
LaTeX2e <2009/09/24>
Babel <v3.8l> and hyphenation patterns for english, usenglishmax, dumylang, noh
yphenation, farsi, arabic, croatian, bulgarian, ukrainian, russian, czech, slov
ak, danish, dutch, finnish, french, basque, ngerman, german, german-x-2009-06-1
9, ngerman-x-2009-06-19, ibycus, monogreek, greek, ancientgreek, hungarian, san
skrit, italian, latin, latvian, lithuanian, mongolian2a, mongolian, bokmal, nyn
orsk, romanian, irish, coptic, serbian, turkish, welsh, esperanto, uppersorbian
, estonian, indonesian, interlingua, icelandic, kurmanji, slovenian, polish, po
rtuguese, spanish, galician, catalan, swedish, ukenglish, pinyin, loaded.
(/usr/share/texmf-texlive/tex/latex/base/article.cls
Document Class: article 2007/10/19 v1.4h Standard LaTeX document class
(/usr/share/texmf-texlive/tex/latex/base/size11.clo
File: size11.clo 2007/10/19 v1.4h Standard LaTeX file (size option)
)
\c@part=\count79
\c@section=\count80
\c@subsection=\count81
\c@subsubsection=\count82
\c@paragraph=\count83
\c@subparagraph=\count84
\c@figure=\count85
\c@table=\count86
\abovecaptionskip=\skip41
\belowcaptionskip=\skip42
\bibindent=\dimen102
)
(/usr/share/texmf-texlive/tex/latex/amsfonts/amssymb.sty
Package: amssymb 2009/06/22 v3.00

(/usr/share/texmf-texlive/tex/latex/amsfonts/amsfonts.sty
Package: amsfonts 2009/06/22 v3.00 Basic AMSFonts support
\@emptytoks=\toks14
\symAMSa=\mathgroup4
\symAMSb=\mathgroup5
LaTeX Font Info:    Overwriting math alphabet `\mathfrak' in version `bold'
(Font)                  U/euf/m/n --> U/euf/b/n on input line 96.
))
No file thesisEvalReqForm.aux.
\openout1 = `thesisEvalReqForm.aux'.

LaTeX Font Info:    Checking defaults for OML/cmm/m/it on input line 18.
LaTeX Font Info:    ... okay on input line 18.
LaTeX Font Info:    Checking defaults for T1/cmr/m/n on input line 18.
LaTeX Font Info:    ... okay on input line 18.
LaTeX Font Info:    Checking defaults for OT1/cmr/m/n on input line 18.
LaTeX Font Info:    ... okay on input line 18.
LaTeX Font Info:    Checking defaults for OMS/cmsy/m/n on input line 18.
LaTeX Font Info:    ... okay on input line 18.
LaTeX Font Info:    Checking defaults for OMX/cmex/m/n on input line 18.
LaTeX Font Info:    ... okay on input line 18.
LaTeX Font Info:    Checking defaults for U/cmr/m/n on input line 18.
LaTeX Font Info:    ... okay on input line 18.

Underfull \hbox (badness 10000) in paragraph at lines 27--31

 []


Underfull \hbox (badness 10000) in paragraph at lines 33--34

 []


Underfull \hbox (badness 10000) in paragraph at lines 35--37

 []


Underfull \hbox (badness 10000) in paragraph at lines 48--49

 []

LaTeX Font Info:    Try loading font information for U+msa on input line 52.
(/usr/share/texmf-texlive/tex/latex/amsfonts/umsa.fd
File: umsa.fd 2009/06/22 v3.00 AMS symbols A
)
LaTeX Font Info:    Try loading font information for U+msb on input line 52.

(/usr/share/texmf-texlive/tex/latex/amsfonts/umsb.fd
File: umsb.fd 2009/06/22 v3.00 AMS symbols B
)
Overfull \hbox (10.40631pt too wide) in paragraph at lines 52--62
 [] 
 []


Underfull \hbox (badness 10000) in paragraph at lines 64--65

 []


Underfull \hbox (badness 10000) in paragraph at lines 66--69

 []


Underfull \hbox (badness 10000) in paragraph at lines 71--72

 []

LaTeX Font Info:    Try loading font information for OMS+cmr on input line 77.
(/usr/share/texmf-texlive/tex/latex/base/omscmr.fd
File: omscmr.fd 1999/05/25 v2.5h Standard LaTeX font definitions
)
LaTeX Font Info:    Font shape `OMS/cmr/m/n' in size <10> not available
(Font)              Font shape `OMS/cmsy/m/n' tried instead on input line 77.
 [1

{/var/lib/texmf/fonts/map/pdftex/updmap/pdftex.map}] (./thesisEvalReqForm.aux) 
) 
Here is how much of TeX's memory you used:
 535 strings out of 493848
 5926 string characters out of 1152823
 53897 words of memory out of 3000000
 3867 multiletter control sequences out of 15000+50000
 10114 words of font info for 38 fonts, out of 3000000 for 9000
 714 hyphenation exceptions out of 8191
 23i,8n,24p,186b,180s stack positions out of 5000i,500n,10000p,200000b,50000s
</usr/share/texmf-texlive/fonts/type1/public/amsfonts/cm/cmbx10.pfb></usr/shar
e/texmf-texlive/fonts/type1/public/amsfonts/cm/cmbx12.pfb></usr/share/texmf-tex
live/fonts/type1/public/amsfonts/cm/cmr10.pfb></usr/share/texmf-texlive/fonts/t
ype1/public/amsfonts/cm/cmr6.pfb></usr/share/texmf-texlive/fonts/type1/public/a
msfonts/cm/cmsy10.pfb></usr/share/texmf-texlive/fonts/type1/public/amsfonts/sym
bols/msam10.pfb>
Output written on thesisEvalReqForm.pdf (1 page, 80295 bytes).
PDF statistics:
 30 PDF objects out of 1000 (max. 8388607)
 0 named destinations out of 1000 (max. 500000)
 1 words of extra memory for PDF output out of 10000 (max. 10000000)

